<?xml version="1.0" encoding="UTF-8"?>
<testng-results ignored="0" total="2" passed="2" failed="0" skipped="0">
  <reporter-output>
  </reporter-output>
  <suite started-at="2020-01-25T12:48:36Z" name="tests.ExpediaTestSuite" finished-at="2020-01-25T12:49:03Z" duration-ms="26735">
    <groups>
    </groups>
    <test started-at="2020-01-25T12:48:36Z" name="ExpediaTests" finished-at="2020-01-25T12:49:03Z" duration-ms="26735">
      <class name="tests.ExpediaTestSuite">
        <test-method is-config="true" signature="initTest(java.lang.String)[pri:0, instance:tests.ExpediaTestSuite@68567e20]" started-at="2020-01-25T12:48:36Z" name="initTest" finished-at="2020-01-25T12:48:45Z" duration-ms="9082" status="PASS">
          <params>
            <param index="0">
              <value>
                <![CDATA[]]>
              </value>
            </param>
          </params>
          <reporter-output>
          </reporter-output>
        </test-method> <!-- initTest -->
        <test-method signature="TC001()[pri:0, instance:tests.ExpediaTestSuite@68567e20]" started-at="2020-01-25T12:48:45Z" name="TC001" finished-at="2020-01-25T12:48:49Z" duration-ms="4084" status="PASS">
          <reporter-output>
          </reporter-output>
        </test-method> <!-- TC001 -->
        <test-method signature="TC002()[pri:0, instance:tests.ExpediaTestSuite@68567e20]" started-at="2020-01-25T12:48:49Z" name="TC002" finished-at="2020-01-25T12:49:02Z" duration-ms="13312" status="PASS">
          <reporter-output>
          </reporter-output>
        </test-method> <!-- TC002 -->
        <test-method is-config="true" signature="cleanUp()[pri:0, instance:tests.ExpediaTestSuite@68567e20]" started-at="2020-01-25T12:49:02Z" name="cleanUp" finished-at="2020-01-25T12:49:03Z" duration-ms="247" status="PASS">
          <reporter-output>
          </reporter-output>
        </test-method> <!-- cleanUp -->
      </class> <!-- tests.ExpediaTestSuite -->
    </test> <!-- ExpediaTests -->
  </suite> <!-- tests.ExpediaTestSuite -->
</testng-results>
